<?xml version="1.0" encoding="UTF-8"?>
<!-- Generated by org.testng.reporters.JUnitReportReporter -->
<testsuite hostname="DESKTOP-3EITVAF" failures="0" tests="1" name="automationPractice.verifyingTheTotalAmountTest" time="37.530" errors="0" timestamp="2022-11-07T12:08:12 IST" skipped="0">
  <testcase classname="automationPractice.verifyingTheTotalAmountTest" name="verifyTotalCostTest" time="37.530"/>
  <system-out/>
</testsuite> <!-- automationPractice.verifyingTheTotalAmountTest -->
