<?xml version="1.0" encoding="UTF-8"?>
<!-- Generated by org.testng.reporters.JUnitReportReporter -->
<testsuite hostname="DESKTOP-3EITVAF" failures="0" tests="1" name="felxbus.FlexbusFlightBookingTest" time="40.070" errors="0" timestamp="2022-11-10T17:45:34 IST" skipped="0">
  <testcase classname="felxbus.FlexbusFlightBookingTest" name="bookFlightsTest" time="40.070"/>
  <system-out/>
</testsuite> <!-- felxbus.FlexbusFlightBookingTest -->
