<?xml version="1.0" encoding="UTF-8"?>
<!-- Generated by org.testng.reporters.JUnitReportReporter -->
<testsuite hostname="DESKTOP-3EITVAF" failures="0" tests="1" name="redbus.SelectFutureDate" time="14.470" errors="0" timestamp="2022-12-01T11:59:23 IST" skipped="0">
  <testcase classname="redbus.SelectFutureDate" name="selectDate" time="14.470"/>
  <system-out/>
</testsuite> <!-- redbus.SelectFutureDate -->
