<?xml version="1.0" encoding="UTF-8"?>
<!-- Generated by org.testng.reporters.JUnitReportReporter -->
<testsuite hostname="DESKTOP-3EITVAF" failures="0" tests="1" name="tranzact.TranzactHomePageTest" time="7.399" errors="0" timestamp="2022-11-07T13:11:53 IST" skipped="0">
  <testcase classname="tranzact.TranzactHomePageTest" name="homePage" time="7.399"/>
  <system-out/>
</testsuite> <!-- tranzact.TranzactHomePageTest -->
