<?xml version="1.0" encoding="UTF-8"?>
<!-- Generated by org.testng.reporters.JUnitReportReporter -->
<testsuite hostname="DESKTOP-3EITVAF" failures="0" tests="1" name="makeMyTrip.FilterAndGetTheFlightDetailsTest2" time="79.695" errors="0" timestamp="2022-11-07T12:49:31 IST" skipped="0">
  <testcase classname="makeMyTrip.FilterAndGetTheFlightDetailsTest2" name="getFligtDetails" time="79.695"/>
  <system-out/>
</testsuite> <!-- makeMyTrip.FilterAndGetTheFlightDetailsTest2 -->
