<?xml version="1.0" encoding="UTF-8"?>
<!-- Generated by org.testng.reporters.JUnitReportReporter -->
<testsuite hostname="DESKTOP-3EITVAF" failures="0" tests="1" name="BookMyShow.BookTicket" time="50.189" errors="0" timestamp="2022-12-01T17:43:46 IST" skipped="0">
  <testcase classname="BookMyShow.BookTicket" name="bookTicket" time="50.189"/>
  <system-out/>
</testsuite> <!-- BookMyShow.BookTicket -->
