<?xml version="1.0" encoding="UTF-8"?>
<!-- Generated by org.testng.reporters.JUnitReportReporter -->
<testsuite hostname="DESKTOP-3EITVAF" failures="0" tests="1" name="makeMyTrip.FilterAndGetTheFlightDetailsTest" time="29.658" errors="0" timestamp="2022-11-29T17:34:42 IST" skipped="0">
  <testcase classname="makeMyTrip.FilterAndGetTheFlightDetailsTest" name="getFligtDetails" time="29.658"/>
  <system-out/>
</testsuite> <!-- makeMyTrip.FilterAndGetTheFlightDetailsTest -->
